2024-08-22 00:47:23.0555|INFO|Microsoft.AspNetCore.DataProtection.KeyManagement.XmlKeyManager|User profile is available. Using 'C:\Users\HP\AppData\Local\ASP.NET\DataProtection-Keys' as key repository and Windows DPAPI to encrypt keys at rest.
2024-08-22 00:47:23.1312|INFO|Microsoft.AspNetCore.DataProtection.KeyManagement.XmlKeyManager|Creating key {d74d86a7-e5af-430e-8262-76ada0d7afed} with creation date 2024-08-21 19:17:23Z, activation date 2024-08-21 19:17:23Z, and expiration date 2024-11-19 19:17:23Z.
2024-08-22 00:47:23.1612|INFO|Microsoft.AspNetCore.DataProtection.Repositories.FileSystemXmlRepository|Writing data to file 'C:\Users\HP\AppData\Local\ASP.NET\DataProtection-Keys\key-d74d86a7-e5af-430e-8262-76ada0d7afed.xml'.
2024-08-22 00:47:23.5038|INFO|Microsoft.Hosting.Lifetime|Now listening on: http://localhost:5001
2024-08-22 00:47:23.5038|INFO|Microsoft.Hosting.Lifetime|Application started. Press Ctrl+C to shut down.
2024-08-22 00:47:23.5076|INFO|Microsoft.Hosting.Lifetime|Hosting environment: Development
2024-08-22 00:47:23.5076|INFO|Microsoft.Hosting.Lifetime|Content root path: D:\contactapi-main\contactapi-main\ContactDetailsAPI
2024-08-22 00:47:24.9785|INFO|Microsoft.AspNetCore.Hosting.Diagnostics|Request starting HTTP/1.1 GET http://localhost:5001/swagger - - -
2024-08-22 00:47:25.5937|INFO|Microsoft.AspNetCore.Hosting.Diagnostics|Request finished HTTP/1.1 GET http://localhost:5001/swagger - 301 0 - 649.0198ms
2024-08-22 00:47:25.5937|INFO|Microsoft.AspNetCore.Hosting.Diagnostics|Request starting HTTP/1.1 GET http://localhost:5001/swagger/index.html - - -
2024-08-22 00:47:25.8480|INFO|Microsoft.AspNetCore.Hosting.Diagnostics|Request finished HTTP/1.1 GET http://localhost:5001/swagger/index.html - 200 - text/html;charset=utf-8 251.1218ms
2024-08-22 00:47:25.8502|INFO|Microsoft.AspNetCore.Hosting.Diagnostics|Request starting HTTP/1.1 GET http://localhost:5001/swagger/swagger-ui.css - - -
2024-08-22 00:47:25.8502|INFO|Microsoft.AspNetCore.Hosting.Diagnostics|Request starting HTTP/1.1 GET http://localhost:5001/swagger/swagger-ui-bundle.js - - -
2024-08-22 00:47:25.8502|INFO|Microsoft.AspNetCore.Hosting.Diagnostics|Request starting HTTP/1.1 GET http://localhost:5001/swagger/swagger-ui-standalone-preset.js - - -
2024-08-22 00:47:25.8502|INFO|Microsoft.AspNetCore.Hosting.Diagnostics|Request starting HTTP/1.1 GET http://localhost:5001/_framework/aspnetcore-browser-refresh.js - - -
2024-08-22 00:47:25.8855|INFO|Microsoft.AspNetCore.Hosting.Diagnostics|Request finished HTTP/1.1 GET http://localhost:5001/_framework/aspnetcore-browser-refresh.js - 200 13770 application/javascript;+charset=utf-8 27.7487ms
2024-08-22 00:47:25.8966|INFO|Microsoft.AspNetCore.Hosting.Diagnostics|Request starting HTTP/1.1 GET http://localhost:5001/_vs/browserLink - - -
2024-08-22 00:47:25.9770|INFO|Microsoft.AspNetCore.StaticFiles.StaticFileMiddleware|Sending file. Request path: '/swagger-ui-standalone-preset.js'. Physical path: 'N/A'
2024-08-22 00:47:25.9770|INFO|Microsoft.AspNetCore.Hosting.Diagnostics|Request finished HTTP/1.1 GET http://localhost:5001/swagger/swagger-ui-standalone-preset.js - 200 230280 text/javascript 122.8710ms
2024-08-22 00:47:26.1029|INFO|Microsoft.AspNetCore.StaticFiles.StaticFileMiddleware|Sending file. Request path: '/swagger-ui-bundle.js'. Physical path: 'N/A'
2024-08-22 00:47:26.1029|INFO|Microsoft.AspNetCore.Hosting.Diagnostics|Request finished HTTP/1.1 GET http://localhost:5001/swagger/swagger-ui-bundle.js - 200 1456926 text/javascript 252.3083ms
2024-08-22 00:47:26.1029|INFO|Microsoft.AspNetCore.StaticFiles.StaticFileMiddleware|Sending file. Request path: '/swagger-ui.css'. Physical path: 'N/A'
2024-08-22 00:47:26.1029|INFO|Microsoft.AspNetCore.Hosting.Diagnostics|Request finished HTTP/1.1 GET http://localhost:5001/swagger/swagger-ui.css - 200 152034 text/css 257.6128ms
2024-08-22 00:47:26.2906|INFO|Microsoft.AspNetCore.Hosting.Diagnostics|Request finished HTTP/1.1 GET http://localhost:5001/_vs/browserLink - 200 - text/javascript;+charset=UTF-8 394.9103ms
2024-08-22 00:47:26.6544|INFO|Microsoft.AspNetCore.Hosting.Diagnostics|Request starting HTTP/1.1 GET http://localhost:5001/swagger/v1/swagger.json - - -
2024-08-22 00:47:26.7011|INFO|Microsoft.AspNetCore.Hosting.Diagnostics|Request starting HTTP/1.1 GET http://localhost:5001/swagger/favicon-32x32.png - - -
2024-08-22 00:47:26.7011|INFO|Microsoft.AspNetCore.StaticFiles.StaticFileMiddleware|Sending file. Request path: '/favicon-32x32.png'. Physical path: 'N/A'
2024-08-22 00:47:26.7011|INFO|Microsoft.AspNetCore.Hosting.Diagnostics|Request finished HTTP/1.1 GET http://localhost:5001/swagger/favicon-32x32.png - 200 628 image/png 0.6666ms
2024-08-22 00:47:27.0080|INFO|Microsoft.AspNetCore.Hosting.Diagnostics|Request finished HTTP/1.1 GET http://localhost:5001/swagger/v1/swagger.json - 200 - application/json;charset=utf-8 353.7062ms
2024-08-22 00:47:40.8758|INFO|Microsoft.AspNetCore.Hosting.Diagnostics|Request starting HTTP/1.1 OPTIONS http://localhost:5001/api/Auth/login - - -
2024-08-22 00:47:40.8841|INFO|Microsoft.AspNetCore.Cors.Infrastructure.CorsService|CORS policy execution successful.
2024-08-22 00:47:40.8841|INFO|Microsoft.AspNetCore.Hosting.Diagnostics|Request finished HTTP/1.1 OPTIONS http://localhost:5001/api/Auth/login - 204 - - 11.5849ms
2024-08-22 00:47:40.8841|INFO|Microsoft.AspNetCore.Hosting.Diagnostics|Request starting HTTP/1.1 POST http://localhost:5001/api/Auth/login - application/json 50
2024-08-22 00:47:40.8841|INFO|Microsoft.AspNetCore.Cors.Infrastructure.CorsService|CORS policy execution successful.
2024-08-22 00:47:40.8841|WARN|Microsoft.AspNetCore.HttpsPolicy.HttpsRedirectionMiddleware|Failed to determine the https port for redirect.
2024-08-22 00:47:42.0795|INFO|Microsoft.AspNetCore.Routing.EndpointMiddleware|Executing endpoint 'AuthController.Login (ContactDetailsAPI)'
2024-08-22 00:47:42.1030|INFO|Microsoft.AspNetCore.Mvc.Infrastructure.ControllerActionInvoker|Route matched with {action = "Login", controller = "Auth"}. Executing controller action with signature Microsoft.AspNetCore.Mvc.IActionResult Login(LoginDTO) on controller AuthController (ContactDetailsAPI).
2024-08-22 00:47:42.2109|INFO|Microsoft.AspNetCore.Mvc.Infrastructure.ObjectResultExecutor|Executing OkObjectResult, writing value of type '<>f__AnonymousType6`1[[System.String, System.Private.CoreLib, Version=8.0.0.0, Culture=neutral, PublicKeyToken=7cec85d7bea7798e]]'.
2024-08-22 00:47:42.2109|INFO|Microsoft.AspNetCore.Mvc.Infrastructure.ControllerActionInvoker|Executed action AuthController.Login (ContactDetailsAPI) in 114.9285ms
2024-08-22 00:47:42.2109|INFO|Microsoft.AspNetCore.Routing.EndpointMiddleware|Executed endpoint 'AuthController.Login (ContactDetailsAPI)'
2024-08-22 00:47:42.2109|INFO|Microsoft.AspNetCore.Hosting.Diagnostics|Request finished HTTP/1.1 POST http://localhost:5001/api/Auth/login - 200 - application/json;+charset=utf-8 1334.5609ms
2024-08-22 00:47:45.8366|INFO|Microsoft.AspNetCore.Hosting.Diagnostics|Request starting HTTP/1.1 OPTIONS http://localhost:5001/api/Contacts/GetAllContact - - -
2024-08-22 00:47:45.8366|INFO|Microsoft.AspNetCore.Cors.Infrastructure.CorsService|CORS policy execution successful.
2024-08-22 00:47:45.8366|INFO|Microsoft.AspNetCore.Hosting.Diagnostics|Request finished HTTP/1.1 OPTIONS http://localhost:5001/api/Contacts/GetAllContact - 204 - - 1.9109ms
2024-08-22 00:47:45.8366|INFO|Microsoft.AspNetCore.Hosting.Diagnostics|Request starting HTTP/1.1 GET http://localhost:5001/api/Contacts/GetAllContact - application/json -
2024-08-22 00:47:45.8366|INFO|Microsoft.AspNetCore.Cors.Infrastructure.CorsService|CORS policy execution successful.
2024-08-22 00:47:45.9680|INFO|Microsoft.AspNetCore.Routing.EndpointMiddleware|Executing endpoint 'ContactDetailsAPI.Controllers.ContactsController.GetContacts (ContactDetailsAPI)'
2024-08-22 00:47:45.9864|INFO|Microsoft.AspNetCore.Mvc.Infrastructure.ControllerActionInvoker|Route matched with {action = "GetContacts", controller = "Contacts"}. Executing controller action with signature System.Threading.Tasks.Task`1[Microsoft.AspNetCore.Mvc.ActionResult`1[System.Collections.Generic.IEnumerable`1[ContactDetailsAPI.Models.Contact]]] GetContacts() on controller ContactDetailsAPI.Controllers.ContactsController (ContactDetailsAPI).
2024-08-22 00:47:48.7752|INFO|ContactDetailsAPI.Service.ContactService|Fetched all contacts successfully.
2024-08-22 00:47:48.7752|INFO|Microsoft.AspNetCore.Mvc.Infrastructure.ObjectResultExecutor|Executing OkObjectResult, writing value of type 'ContactDetailsAPI.Data.ApiResponse`1[[System.Collections.Generic.IEnumerable`1[[ContactDetailsAPI.Models.Contact, ContactDetailsAPI, Version=1.0.0.0, Culture=neutral, PublicKeyToken=null]], System.Private.CoreLib, Version=8.0.0.0, Culture=neutral, PublicKeyToken=7cec85d7bea7798e]]'.
2024-08-22 00:47:48.7924|INFO|Microsoft.AspNetCore.Mvc.Infrastructure.ControllerActionInvoker|Executed action ContactDetailsAPI.Controllers.ContactsController.GetContacts (ContactDetailsAPI) in 2805.7942ms
2024-08-22 00:47:48.7924|INFO|Microsoft.AspNetCore.Routing.EndpointMiddleware|Executed endpoint 'ContactDetailsAPI.Controllers.ContactsController.GetContacts (ContactDetailsAPI)'
2024-08-22 00:47:48.7924|INFO|Microsoft.AspNetCore.Hosting.Diagnostics|Request starting HTTP/1.1 GET http://localhost:5001/api/Contacts/GetAllContact - application/json -
2024-08-22 00:47:48.7924|INFO|Microsoft.AspNetCore.Cors.Infrastructure.CorsService|CORS policy execution successful.
2024-08-22 00:47:48.8004|INFO|Microsoft.AspNetCore.Routing.EndpointMiddleware|Executing endpoint 'ContactDetailsAPI.Controllers.ContactsController.GetContacts (ContactDetailsAPI)'
2024-08-22 00:47:48.8004|INFO|Microsoft.AspNetCore.Mvc.Infrastructure.ControllerActionInvoker|Route matched with {action = "GetContacts", controller = "Contacts"}. Executing controller action with signature System.Threading.Tasks.Task`1[Microsoft.AspNetCore.Mvc.ActionResult`1[System.Collections.Generic.IEnumerable`1[ContactDetailsAPI.Models.Contact]]] GetContacts() on controller ContactDetailsAPI.Controllers.ContactsController (ContactDetailsAPI).
2024-08-22 00:47:48.8068|INFO|Microsoft.AspNetCore.Hosting.Diagnostics|Request finished HTTP/1.1 GET http://localhost:5001/api/Contacts/GetAllContact - 200 - application/json;+charset=utf-8 2963.9365ms
2024-08-22 00:47:48.8274|INFO|ContactDetailsAPI.Service.ContactService|Fetched all contacts successfully.
2024-08-22 00:47:48.8274|INFO|Microsoft.AspNetCore.Mvc.Infrastructure.ObjectResultExecutor|Executing OkObjectResult, writing value of type 'ContactDetailsAPI.Data.ApiResponse`1[[System.Collections.Generic.IEnumerable`1[[ContactDetailsAPI.Models.Contact, ContactDetailsAPI, Version=1.0.0.0, Culture=neutral, PublicKeyToken=null]], System.Private.CoreLib, Version=8.0.0.0, Culture=neutral, PublicKeyToken=7cec85d7bea7798e]]'.
2024-08-22 00:47:48.8274|INFO|Microsoft.AspNetCore.Mvc.Infrastructure.ControllerActionInvoker|Executed action ContactDetailsAPI.Controllers.ContactsController.GetContacts (ContactDetailsAPI) in 27.2118ms
2024-08-22 00:47:48.8274|INFO|Microsoft.AspNetCore.Routing.EndpointMiddleware|Executed endpoint 'ContactDetailsAPI.Controllers.ContactsController.GetContacts (ContactDetailsAPI)'
2024-08-22 00:47:48.8274|INFO|Microsoft.AspNetCore.Hosting.Diagnostics|Request finished HTTP/1.1 GET http://localhost:5001/api/Contacts/GetAllContact - 200 - application/json;+charset=utf-8 34.5792ms
2024-08-22 21:36:30.5699|INFO|Microsoft.AspNetCore.DataProtection.KeyManagement.XmlKeyManager|User profile is available. Using 'C:\Users\HP\AppData\Local\ASP.NET\DataProtection-Keys' as key repository and Windows DPAPI to encrypt keys at rest.
2024-08-22 21:36:31.1595|INFO|Microsoft.Hosting.Lifetime|Now listening on: http://localhost:5001
2024-08-22 21:36:31.1595|INFO|Microsoft.Hosting.Lifetime|Application started. Press Ctrl+C to shut down.
2024-08-22 21:36:31.1595|INFO|Microsoft.Hosting.Lifetime|Hosting environment: Development
2024-08-22 21:36:31.1595|INFO|Microsoft.Hosting.Lifetime|Content root path: D:\contactapi-main\contactapi-main\ContactDetailsAPI
2024-08-22 21:36:33.3478|INFO|Microsoft.AspNetCore.Hosting.Diagnostics|Request starting HTTP/1.1 GET http://localhost:5001/swagger - - -
2024-08-22 21:36:34.0690|INFO|Microsoft.AspNetCore.Hosting.Diagnostics|Request finished HTTP/1.1 GET http://localhost:5001/swagger - 301 0 - 736.5722ms
2024-08-22 21:36:34.0690|INFO|Microsoft.AspNetCore.Hosting.Diagnostics|Request starting HTTP/1.1 GET http://localhost:5001/swagger/index.html - - -
2024-08-22 21:36:34.3205|INFO|Microsoft.AspNetCore.Hosting.Diagnostics|Request finished HTTP/1.1 GET http://localhost:5001/swagger/index.html - 200 - text/html;charset=utf-8 241.5272ms
2024-08-22 21:36:34.3323|INFO|Microsoft.AspNetCore.Hosting.Diagnostics|Request starting HTTP/1.1 GET http://localhost:5001/swagger/swagger-ui.css - - -
2024-08-22 21:36:34.3496|INFO|Microsoft.AspNetCore.Hosting.Diagnostics|Request starting HTTP/1.1 GET http://localhost:5001/swagger/swagger-ui-standalone-preset.js - - -
2024-08-22 21:36:34.3496|INFO|Microsoft.AspNetCore.Hosting.Diagnostics|Request starting HTTP/1.1 GET http://localhost:5001/swagger/swagger-ui-bundle.js - - -
2024-08-22 21:36:34.3784|INFO|Microsoft.AspNetCore.Hosting.Diagnostics|Request starting HTTP/1.1 GET http://localhost:5001/_framework/aspnetcore-browser-refresh.js - - -
2024-08-22 21:36:34.3784|INFO|Microsoft.AspNetCore.Hosting.Diagnostics|Request starting HTTP/1.1 GET http://localhost:5001/_vs/browserLink - - -
2024-08-22 21:36:34.3784|INFO|Microsoft.AspNetCore.Hosting.Diagnostics|Request finished HTTP/1.1 GET http://localhost:5001/_framework/aspnetcore-browser-refresh.js - 200 13770 application/javascript;+charset=utf-8 10.1626ms
2024-08-22 21:36:34.4414|INFO|Microsoft.AspNetCore.StaticFiles.StaticFileMiddleware|Sending file. Request path: '/swagger-ui.css'. Physical path: 'N/A'
2024-08-22 21:36:34.4414|INFO|Microsoft.AspNetCore.Hosting.Diagnostics|Request finished HTTP/1.1 GET http://localhost:5001/swagger/swagger-ui.css - 200 152034 text/css 114.1838ms
2024-08-22 21:36:34.4537|INFO|Microsoft.AspNetCore.StaticFiles.StaticFileMiddleware|Sending file. Request path: '/swagger-ui-standalone-preset.js'. Physical path: 'N/A'
2024-08-22 21:36:34.4537|INFO|Microsoft.AspNetCore.Hosting.Diagnostics|Request finished HTTP/1.1 GET http://localhost:5001/swagger/swagger-ui-standalone-preset.js - 200 230280 text/javascript 104.6685ms
2024-08-22 21:36:34.6595|INFO|Microsoft.AspNetCore.StaticFiles.StaticFileMiddleware|Sending file. Request path: '/swagger-ui-bundle.js'. Physical path: 'N/A'
2024-08-22 21:36:34.6595|INFO|Microsoft.AspNetCore.Hosting.Diagnostics|Request finished HTTP/1.1 GET http://localhost:5001/swagger/swagger-ui-bundle.js - 200 1456926 text/javascript 309.1469ms
2024-08-22 21:36:34.7119|INFO|Microsoft.AspNetCore.Hosting.Diagnostics|Request finished HTTP/1.1 GET http://localhost:5001/_vs/browserLink - 200 - text/javascript;+charset=UTF-8 325.7210ms
2024-08-22 21:36:35.2540|INFO|Microsoft.AspNetCore.Hosting.Diagnostics|Request starting HTTP/1.1 GET http://localhost:5001/swagger/v1/swagger.json - - -
2024-08-22 21:36:35.6338|INFO|Microsoft.AspNetCore.Hosting.Diagnostics|Request finished HTTP/1.1 GET http://localhost:5001/swagger/v1/swagger.json - 200 - application/json;charset=utf-8 379.7312ms
